Build started 21.01.2013 09:28:54.
     1>Project "E:\my_gitREPO\VC++\lol\ArtigFranz\ArtigFranz\ArtigFranz.vcxproj" on node 2 (build target(s)).
     1>PrepareForBuild:
         Creating directory "E:\my_gitREPO\VC++\lol\ArtigFranz\Debug\".
       InitializeBuildStatus:
         Creating "Debug\ArtigFranz.unsuccessfulbuild" because "AlwaysCreate" was specified.
       ClCompile:
         C:\Program Files (x86)\Microsoft Visual Studio 10.0\VC\bin\CL.exe /c /ZI /nologo /W3 /WX- /Od /Oy- /D WIN32 /D _DEBUG /D _CONSOLE /D _UNICODE /D UNICODE /Gm /EHsc /RTC1 /MDd /GS /fp:precise /Zc:wchar_t /Zc:forScope /Yc"StdAfx.h" /Fp"Debug\ArtigFranz.pch" /Fo"Debug\\" /Fd"Debug\vc100.pdb" /Gd /TP /analyze- /errorReport:prompt stdafx.cpp
         stdafx.cpp
         C:\Program Files (x86)\Microsoft Visual Studio 10.0\VC\bin\CL.exe /c /ZI /nologo /W3 /WX- /Od /Oy- /D WIN32 /D _DEBUG /D _CONSOLE /D _UNICODE /D UNICODE /Gm /EHsc /RTC1 /MDd /GS /fp:precise /Zc:wchar_t /Zc:forScope /Yu"StdAfx.h" /Fp"Debug\ArtigFranz.pch" /Fo"Debug\\" /Fd"Debug\vc100.pdb" /Gd /TP /analyze- /errorReport:prompt ArtigFranz.cpp
         ArtigFranz.cpp
       ManifestResourceCompile:
         C:\Program Files (x86)\Microsoft SDKs\Windows\v7.0A\bin\rc.exe /nologo /fo"Debug\ArtigFranz.exe.embed.manifest.res" Debug\ArtigFranz_manifest.rc 
       Link:
         C:\Program Files (x86)\Microsoft Visual Studio 10.0\VC\bin\link.exe /ERRORREPORT:PROMPT /OUT:"E:\my_gitREPO\VC++\lol\ArtigFranz\Debug\ArtigFranz.exe" /INCREMENTAL /NOLOGO kernel32.lib user32.lib gdi32.lib winspool.lib comdlg32.lib advapi32.lib shell32.lib ole32.lib oleaut32.lib uuid.lib odbc32.lib odbccp32.lib /MANIFEST /ManifestFile:"Debug\ArtigFranz.exe.intermediate.manifest" /MANIFESTUAC:"level='asInvoker' uiAccess='false'" /DEBUG /PDB:"E:\my_gitREPO\VC++\lol\ArtigFranz\Debug\ArtigFranz.pdb" /SUBSYSTEM:CONSOLE /TLBID:1 /DYNAMICBASE /NXCOMPAT /IMPLIB:"E:\my_gitREPO\VC++\lol\ArtigFranz\Debug\ArtigFranz.lib" /MACHINE:X86 Debug\ArtigFranz.exe.embed.manifest.res
         Debug\ArtigFranz.obj
         Debug\stdafx.obj
       Manifest:
         C:\Program Files (x86)\Microsoft SDKs\Windows\v7.0A\bin\mt.exe /nologo /verbose /out:"Debug\ArtigFranz.exe.embed.manifest" /manifest Debug\ArtigFranz.exe.intermediate.manifest
         C:\Program Files (x86)\Microsoft SDKs\Windows\v7.0A\bin\rc.exe /nologo /fo"Debug\ArtigFranz.exe.embed.manifest.res" Debug\ArtigFranz_manifest.rc 
       LinkEmbedManifest:
         C:\Program Files (x86)\Microsoft Visual Studio 10.0\VC\bin\link.exe /ERRORREPORT:PROMPT /OUT:"E:\my_gitREPO\VC++\lol\ArtigFranz\Debug\ArtigFranz.exe" /INCREMENTAL /NOLOGO kernel32.lib user32.lib gdi32.lib winspool.lib comdlg32.lib advapi32.lib shell32.lib ole32.lib oleaut32.lib uuid.lib odbc32.lib odbccp32.lib /MANIFEST /ManifestFile:"Debug\ArtigFranz.exe.intermediate.manifest" /MANIFESTUAC:"level='asInvoker' uiAccess='false'" /DEBUG /PDB:"E:\my_gitREPO\VC++\lol\ArtigFranz\Debug\ArtigFranz.pdb" /SUBSYSTEM:CONSOLE /TLBID:1 /DYNAMICBASE /NXCOMPAT /IMPLIB:"E:\my_gitREPO\VC++\lol\ArtigFranz\Debug\ArtigFranz.lib" /MACHINE:X86 Debug\ArtigFranz.exe.embed.manifest.res
         Debug\ArtigFranz.obj
         Debug\stdafx.obj
         ArtigFranz.vcxproj -> E:\my_gitREPO\VC++\lol\ArtigFranz\Debug\ArtigFranz.exe
       FinalizeBuildStatus:
         Deleting file "Debug\ArtigFranz.unsuccessfulbuild".
         Touching "Debug\ArtigFranz.lastbuildstate".
     1>Done Building Project "E:\my_gitREPO\VC++\lol\ArtigFranz\ArtigFranz\ArtigFranz.vcxproj" (build target(s)).

Build succeeded.

Time Elapsed 00:00:01.65
